

2010-02-27 06:57:32 
search_everything plugin: 
global where:  AND hb2010_posts.post_type = 'post' AND (hb2010_posts.post_status = 'publish' OR hb2010_posts.post_status = 'private')

2010-02-27 07:06:34 
search_everything plugin: 
global where:  AND hb2010_posts.post_type = 'post' AND (hb2010_posts.post_status = 'publish' OR hb2010_posts.post_status = 'private')

2010-02-27 07:08:17 
search_everything plugin: 
global where:  AND hb2010_posts.post_type = 'post' AND (hb2010_posts.post_status = 'publish' OR hb2010_posts.post_status = 'private')

2010-02-27 07:11:07 
search_everything plugin: 
global where:  AND hb2010_posts.post_type = 'post' AND (hb2010_posts.post_status = 'publish' OR hb2010_posts.post_status = 'private')

2010-02-27 07:11:20 
search_everything plugin: 
global where:  AND hb2010_posts.post_type = 'post' AND (hb2010_posts.post_status = 'publish' OR hb2010_posts.post_status = 'private')

2010-02-27 07:12:57 
search_everything plugin: 
global where:  AND hb2010_posts.post_type = 'post' AND (hb2010_posts.post_status = 'publish' OR hb2010_posts.post_status = 'private')

2010-02-27 07:14:19 
search_everything plugin: 
global where:  AND hb2010_posts.post_type = 'post' AND (hb2010_posts.post_status = 'publish' OR hb2010_posts.post_status = 'private')

2010-02-27 07:15:48 
search_everything plugin: 
global where:  AND hb2010_posts.post_type = 'post' AND (hb2010_posts.post_status = 'publish' OR hb2010_posts.post_status = 'private')

2010-02-27 07:23:46 
search_everything plugin: 
global where:  AND hb2010_posts.post_type = 'post' AND (hb2010_posts.post_status = 'publish' OR hb2010_posts.post_status = 'private')

2010-02-27 07:24:50 
search_everything plugin: 
global where:  AND hb2010_posts.post_type = 'post' AND (hb2010_posts.post_status = 'publish' OR hb2010_posts.post_status = 'private')

2010-02-27 07:27:33 
search_everything plugin: 
global where:  AND hb2010_posts.post_type = 'post' AND (hb2010_posts.post_status = 'publish' OR hb2010_posts.post_status = 'private')

2010-02-27 07:29:07 
search_everything plugin: 
global where:  AND hb2010_posts.post_type = 'post' AND (hb2010_posts.post_status = 'publish' OR hb2010_posts.post_status = 'private')

2010-02-27 07:30:26 
search_everything plugin: 
global where:  AND hb2010_posts.post_type = 'post' AND (hb2010_posts.post_status = 'publish' OR hb2010_posts.post_status = 'private')

2010-02-27 07:32:29 
search_everything plugin: 
global where:  AND hb2010_posts.post_type = 'post' AND (hb2010_posts.post_status = 'publish' OR hb2010_posts.post_status = 'private')

2010-02-27 07:36:26 
search_everything plugin: 
global where:  AND hb2010_posts.post_type = 'post' AND (hb2010_posts.post_status = 'publish' OR hb2010_posts.post_status = 'private')

2010-02-27 07:37:35 
search_everything plugin: 
global where:  AND hb2010_posts.post_type = 'post' AND (hb2010_posts.post_status = 'publish' OR hb2010_posts.post_status = 'private')

2010-02-27 07:40:49 
search_everything plugin: 
global where:  AND hb2010_posts.post_type = 'post' AND (hb2010_posts.post_status = 'publish' OR hb2010_posts.post_status = 'private')

2010-02-27 07:43:48 
search_everything plugin: 
global where:  AND hb2010_posts.post_type = 'post' AND (hb2010_posts.post_status = 'publish' OR hb2010_posts.post_status = 'private')

2010-02-27 07:45:59 
search_everything plugin: 
global where:  AND hb2010_posts.post_type = 'post' AND (hb2010_posts.post_status = 'publish' OR hb2010_posts.post_status = 'private')

2010-02-27 07:46:04 
search_everything plugin: 
global where:  AND hb2010_posts.post_type = 'post' AND (hb2010_posts.post_status = 'publish' OR hb2010_posts.post_status = 'private')

2010-02-27 07:47:29 
search_everything plugin: 
global where:  AND hb2010_posts.post_type = 'post' AND (hb2010_posts.post_status = 'publish' OR hb2010_posts.post_status = 'private')

2010-02-27 07:47:54 
search_everything plugin: 
global where:  AND hb2010_posts.post_type = 'post' AND (hb2010_posts.post_status = 'publish' OR hb2010_posts.post_status = 'private')

2010-02-27 07:50:06 
search_everything plugin: 
global where:  AND hb2010_posts.post_type = 'post' AND (hb2010_posts.post_status = 'publish' OR hb2010_posts.post_status = 'private')

2010-02-27 07:51:23 
search_everything plugin: 
global where:  AND hb2010_posts.post_type = 'post' AND (hb2010_posts.post_status = 'publish' OR hb2010_posts.post_status = 'private')

2010-02-27 07:51:39 
search_everything plugin: 
global where:  AND hb2010_posts.post_type = 'post' AND (hb2010_posts.post_status = 'publish' OR hb2010_posts.post_status = 'private')

2010-02-27 07:55:51 
search_everything plugin: 
global where:  AND hb2010_posts.post_type = 'post' AND (hb2010_posts.post_status = 'publish' OR hb2010_posts.post_status = 'private')

2010-02-27 07:56:34 
search_everything plugin: 
global where:  AND hb2010_posts.post_type = 'post' AND (hb2010_posts.post_status = 'publish' OR hb2010_posts.post_status = 'private')

2010-02-27 07:58:13 
search_everything plugin: 
global where:  AND hb2010_posts.post_type = 'post' AND (hb2010_posts.post_status = 'publish' OR hb2010_posts.post_status = 'private')

2010-02-27 07:59:18 
search_everything plugin: 
global where:  AND hb2010_posts.post_type = 'post' AND (hb2010_posts.post_status = 'publish' OR hb2010_posts.post_status = 'private')

2010-02-27 08:01:49 
search_everything plugin: 
global where:  AND hb2010_posts.post_type = 'post' AND (hb2010_posts.post_status = 'publish' OR hb2010_posts.post_status = 'private')

2010-02-27 08:01:55 
search_everything plugin: 
global where:  AND hb2010_posts.post_type = 'post' AND (hb2010_posts.post_status = 'publish' OR hb2010_posts.post_status = 'private')

2010-02-27 08:02:33 
search_everything plugin: 
global where:  AND hb2010_posts.post_type = 'post' AND (hb2010_posts.post_status = 'publish' OR hb2010_posts.post_status = 'private')

2010-02-27 08:02:53 
search_everything plugin: 
global where:  AND hb2010_posts.post_type = 'post' AND (hb2010_posts.post_status = 'publish' OR hb2010_posts.post_status = 'private')

2010-02-27 08:03:29 
search_everything plugin: 
global where:  AND hb2010_posts.post_type = 'post' AND (hb2010_posts.post_status = 'publish' OR hb2010_posts.post_status = 'private')

2010-02-27 08:06:33 
search_everything plugin: 
global where:  AND hb2010_posts.post_type = 'post' AND (hb2010_posts.post_status = 'publish' OR hb2010_posts.post_status = 'private')

2010-02-27 08:10:03 
search_everything plugin: 
global where:  AND hb2010_posts.post_type = 'post' AND (hb2010_posts.post_status = 'publish' OR hb2010_posts.post_status = 'private')

2010-02-27 08:12:17 
search_everything plugin: 
global where:  AND hb2010_posts.post_type = 'post' AND (hb2010_posts.post_status = 'publish' OR hb2010_posts.post_status = 'private')

2010-02-27 08:12:20 
search_everything plugin: 
global where:  AND hb2010_posts.post_type = 'post' AND (hb2010_posts.post_status = 'publish')

2010-02-27 08:15:00 
search_everything plugin: 
global where:  AND hb2010_posts.post_type = 'post' AND (hb2010_posts.post_status = 'publish' OR hb2010_posts.post_status = 'private')

2010-02-27 08:17:40 
search_everything plugin: 
global where:  AND hb2010_term_taxonomy.taxonomy = 'category' AND hb2010_term_taxonomy.term_id IN ('1') AND hb2010_posts.post_type = 'post' AND (hb2010_posts.post_status = 'publish' OR hb2010_posts.post_status = 'private')

2010-02-27 08:19:32 
search_everything plugin: 
global where:  AND hb2010_posts.post_type = 'post' AND (hb2010_posts.post_status = 'publish' OR hb2010_posts.post_status = 'private')

2010-02-27 08:20:49 
search_everything plugin: 
global where:  AND hb2010_posts.post_type = 'post' AND (hb2010_posts.post_status = 'publish' OR hb2010_posts.post_status = 'private')

2010-02-27 08:22:32 
search_everything plugin: 
global where:  AND hb2010_posts.post_type = 'post' AND (hb2010_posts.post_status = 'publish' OR hb2010_posts.post_status = 'private')

2010-02-27 08:23:02 
search_everything plugin: 
global where:  AND hb2010_posts.post_type = 'post' AND (hb2010_posts.post_status = 'publish' OR hb2010_posts.post_status = 'private')

2010-02-27 08:24:00 
search_everything plugin: 
global where:  AND hb2010_posts.post_type = 'post' AND (hb2010_posts.post_status = 'publish' OR hb2010_posts.post_status = 'private')

2010-02-27 08:25:28 
search_everything plugin: 
global where:  AND hb2010_posts.post_type = 'post' AND (hb2010_posts.post_status = 'publish' OR hb2010_posts.post_status = 'private')

2010-02-27 08:27:17 
search_everything plugin: 
global where:  AND hb2010_posts.post_type = 'post' AND (hb2010_posts.post_status = 'publish' OR hb2010_posts.post_status = 'private')

2010-02-27 08:28:11 
search_everything plugin: 
global where:  AND hb2010_posts.post_type = 'post' AND (hb2010_posts.post_status = 'publish' OR hb2010_posts.post_status = 'private')

2010-02-27 08:38:40 
search_everything plugin: 
global where:  AND hb2010_posts.post_type = 'post' AND (hb2010_posts.post_status = 'publish' OR hb2010_posts.post_status = 'private')

2010-02-27 08:39:39 
search_everything plugin: 
global where:  AND hb2010_posts.post_type = 'post' AND (hb2010_posts.post_status = 'publish' OR hb2010_posts.post_status = 'private')

2010-02-27 08:42:11 
search_everything plugin: 
global where:  AND hb2010_posts.post_type = 'post' AND (hb2010_posts.post_status = 'publish' OR hb2010_posts.post_status = 'private')

2010-02-27 08:43:57 
search_everything plugin: 
global where:  AND hb2010_posts.post_type = 'post' AND (hb2010_posts.post_status = 'publish' OR hb2010_posts.post_status = 'private')

2010-02-27 08:45:35 
search_everything plugin: 
global where:  AND hb2010_term_taxonomy.taxonomy = 'category' AND hb2010_term_taxonomy.term_id IN ('1') AND hb2010_posts.post_type = 'post' AND (hb2010_posts.post_status = 'publish' OR hb2010_posts.post_status = 'private')

2010-02-27 08:48:19 
search_everything plugin: 
global where:  AND hb2010_posts.post_type = 'post' AND (hb2010_posts.post_status = 'publish' OR hb2010_posts.post_status = 'private')

2010-02-27 08:50:36 
search_everything plugin: 
global where:  AND hb2010_posts.post_type = 'post' AND (hb2010_posts.post_status = 'publish' OR hb2010_posts.post_status = 'private')

2010-02-27 08:51:58 
search_everything plugin: 
global where:  AND hb2010_posts.post_type = 'post' AND (hb2010_posts.post_status = 'publish' OR hb2010_posts.post_status = 'private')

2010-02-27 08:54:17 
search_everything plugin: 
global where:  AND hb2010_posts.post_type = 'post' AND (hb2010_posts.post_status = 'publish' OR hb2010_posts.post_status = 'private')

2010-02-27 08:54:50 
search_everything plugin: 
global where:  AND hb2010_posts.post_type = 'post' AND (hb2010_posts.post_status = 'publish' OR hb2010_posts.post_status = 'private')

2010-02-27 08:57:10 
search_everything plugin: 
global where:  AND hb2010_posts.post_type = 'post' AND (hb2010_posts.post_status = 'publish' OR hb2010_posts.post_status = 'private')

2010-02-27 08:57:19 
search_everything plugin: 
global where:  AND hb2010_posts.post_type = 'post' AND (hb2010_posts.post_status = 'publish' OR hb2010_posts.post_status = 'private')

2010-02-27 09:00:47 
search_everything plugin: 
global where:  AND hb2010_posts.post_type = 'post' AND (hb2010_posts.post_status = 'publish' OR hb2010_posts.post_status = 'private')

2010-02-27 09:03:32 
search_everything plugin: 
global where:  AND hb2010_posts.post_type = 'post' AND (hb2010_posts.post_status = 'publish' OR hb2010_posts.post_status = 'private')

2010-02-27 09:04:01 
search_everything plugin: 
global where:  AND hb2010_posts.post_type = 'post' AND (hb2010_posts.post_status = 'publish' OR hb2010_posts.post_status = 'private')

2010-02-27 09:04:07 
search_everything plugin: 
global where:  AND hb2010_posts.post_type = 'post' AND (hb2010_posts.post_status = 'publish' OR hb2010_posts.post_status = 'private')

2010-02-27 09:04:26 
search_everything plugin: 
global where:  AND hb2010_posts.post_type = 'post' AND (hb2010_posts.post_status = 'publish' OR hb2010_posts.post_status = 'private')

2010-02-27 09:06:13 
search_everything plugin: 
global where:  AND hb2010_posts.post_type = 'post' AND (hb2010_posts.post_status = 'publish' OR hb2010_posts.post_status = 'private')

2010-02-27 09:07:44 
search_everything plugin: 
global where:  AND hb2010_posts.post_type = 'post' AND (hb2010_posts.post_status = 'publish' OR hb2010_posts.post_status = 'private')

2010-02-27 09:08:36 
search_everything plugin: 
global where:  AND hb2010_posts.post_type = 'post' AND (hb2010_posts.post_status = 'publish' OR hb2010_posts.post_status = 'private')

2010-02-27 09:09:41 
search_everything plugin: 
global where:  AND hb2010_posts.post_type = 'post' AND (hb2010_posts.post_status = 'publish' OR hb2010_posts.post_status = 'private')

2010-02-27 09:11:25 
search_everything plugin: 
global where:  AND hb2010_posts.post_type = 'post' AND (hb2010_posts.post_status = 'publish' OR hb2010_posts.post_status = 'private')

2010-02-27 09:11:30 
search_everything plugin: 
global where:  AND hb2010_posts.post_type = 'post' AND (hb2010_posts.post_status = 'publish' OR hb2010_posts.post_status = 'private')

2010-02-27 09:11:42 
search_everything plugin: 
global where:  AND hb2010_posts.post_type = 'post' AND (hb2010_posts.post_status = 'publish' OR hb2010_posts.post_status = 'private')

2010-02-27 09:12:06 
search_everything plugin: 
global where:  AND hb2010_posts.post_type = 'post' AND (hb2010_posts.post_status = 'publish' OR hb2010_posts.post_status = 'private')

2010-02-27 09:12:47 
search_everything plugin: 
global where:  AND hb2010_posts.post_type = 'post' AND (hb2010_posts.post_status = 'publish' OR hb2010_posts.post_status = 'private')

2010-02-27 09:13:39 
search_everything plugin: 
global where:  AND hb2010_posts.post_name = 'pc290069' AND hb2010_posts.post_type = 'attachment'

2010-02-27 09:14:00 
search_everything plugin: 
global where:  AND YEAR(hb2010_posts.post_date)='2010' AND MONTH(hb2010_posts.post_date)='2' AND DAYOFMONTH(hb2010_posts.post_date)='25' AND hb2010_posts.post_name = 'fuck-racist-yellow-fever-assholes' AND hb2010_posts.post_type = 'post'

2010-02-27 09:14:21 
search_everything plugin: 
global where:  AND hb2010_posts.post_type = 'post' AND (hb2010_posts.post_status = 'publish' OR hb2010_posts.post_status = 'private')

2010-02-27 09:20:52 
search_everything plugin: 
global where:  AND hb2010_posts.post_type = 'post' AND (hb2010_posts.post_status = 'publish' OR hb2010_posts.post_status = 'private')

2010-02-27 09:20:57 
search_everything plugin: 
global where:  AND (hb2010_posts.ID = '631') AND hb2010_posts.ID = 631 AND hb2010_posts.post_type = 'attachment'

2010-02-27 09:21:06 
search_everything plugin: 
global where:  AND (hb2010_posts.ID = '631') AND hb2010_posts.ID = 631 AND hb2010_posts.post_type = 'attachment'

2010-02-27 09:21:37 
search_everything plugin: 
global where:  AND (hb2010_posts.ID = '631') AND hb2010_posts.ID = 631 AND hb2010_posts.post_type = 'attachment'

2010-02-27 09:22:00 
search_everything plugin: 
global where:  AND hb2010_posts.post_type = 'post' AND (hb2010_posts.post_status = 'publish' OR hb2010_posts.post_status = 'private')

2010-02-27 09:23:24 
search_everything plugin: 
global where:  AND hb2010_posts.post_type = 'post' AND (hb2010_posts.post_status = 'publish' OR hb2010_posts.post_status = 'private')

2010-02-27 09:24:25 
search_everything plugin: 
global where:  AND hb2010_posts.post_type = 'post' AND (hb2010_posts.post_status = 'publish' OR hb2010_posts.post_status = 'private')

2010-02-27 09:24:46 
search_everything plugin: 
global where:  AND YEAR(hb2010_posts.post_date)='2010' AND hb2010_posts.post_type = 'post' AND (hb2010_posts.post_status = 'publish' OR hb2010_posts.post_status = 'private')

2010-02-27 09:25:05 
search_everything plugin: 
global where:  AND YEAR(hb2010_posts.post_date)='2009' AND hb2010_posts.post_type = 'post' AND (hb2010_posts.post_status = 'publish' OR hb2010_posts.post_status = 'private')

2010-02-27 09:25:17 
search_everything plugin: 
global where:  AND YEAR(hb2010_posts.post_date)='2009' AND hb2010_posts.post_type = 'post' AND (hb2010_posts.post_status = 'publish' OR hb2010_posts.post_status = 'private')

2010-02-27 09:25:24 
search_everything plugin: 
global where:  AND YEAR(hb2010_posts.post_date)='2009' AND hb2010_posts.post_type = 'post' AND (hb2010_posts.post_status = 'publish' OR hb2010_posts.post_status = 'private')

2010-02-27 09:25:37 
search_everything plugin: 
global where:  AND hb2010_posts.post_type = 'post' AND (hb2010_posts.post_status = 'publish' OR hb2010_posts.post_status = 'private')

2010-02-27 09:25:56 
search_everything plugin: 
global where:  AND (((hb2010_posts.post_title LIKE '%fuck%') OR (hb2010_posts.post_content LIKE '%fuck%')))  AND hb2010_posts.post_type != 'revision' AND (hb2010_posts.post_status = 'publish' OR hb2010_posts.post_author = 16 AND hb2010_posts.post_status = 'private')

2010-02-27 09:27:42 
search_everything plugin: 
global where:  AND hb2010_posts.post_type = 'post' AND (hb2010_posts.post_status = 'publish' OR hb2010_posts.post_status = 'private')

2010-02-27 09:28:27 
search_everything plugin: 
global where:  AND hb2010_posts.post_type = 'post' AND (hb2010_posts.post_status = 'publish' OR hb2010_posts.post_status = 'private')

2010-02-27 09:29:47 
search_everything plugin: 
global where:  AND hb2010_posts.post_type = 'post' AND (hb2010_posts.post_status = 'publish' OR hb2010_posts.post_status = 'private')

2010-02-27 09:30:35 
search_everything plugin: 
global where:  AND hb2010_posts.post_type = 'post' AND (hb2010_posts.post_status = 'publish' OR hb2010_posts.post_status = 'private')

2010-02-27 09:31:24 
search_everything plugin: 
global where:  AND hb2010_posts.post_type = 'post' AND (hb2010_posts.post_status = 'publish' OR hb2010_posts.post_status = 'private')

2010-02-27 09:31:29 
search_everything plugin: 
global where:  AND YEAR(hb2010_posts.post_date)='2010' AND MONTH(hb2010_posts.post_date)='2' AND DAYOFMONTH(hb2010_posts.post_date)='25' AND hb2010_posts.post_name = 'fuck-racist-yellow-fever-assholes' AND hb2010_posts.post_type = 'post'

2010-02-27 09:31:39 
search_everything plugin: 
global where:  AND (((hb2010_posts.post_title LIKE '%fuck%') OR (hb2010_posts.post_content LIKE '%fuck%')))  AND hb2010_posts.post_type != 'revision' AND (hb2010_posts.post_status = 'publish' OR hb2010_posts.post_author = 16 AND hb2010_posts.post_status = 'private')

2010-02-27 09:31:43 
search_everything plugin: 
global where:  AND YEAR(hb2010_posts.post_date)='2010' AND MONTH(hb2010_posts.post_date)='2' AND DAYOFMONTH(hb2010_posts.post_date)='25' AND hb2010_posts.post_name = 'fuck-racist-yellow-fever-assholes' AND hb2010_posts.post_type = 'post'

2010-02-27 09:32:38 
search_everything plugin: 
global where:  AND (hb2010_posts.ID = '0') AND hb2010_posts.post_type = 'page'

2010-02-27 09:32:42 
search_everything plugin: 
global where:  AND YEAR(hb2010_posts.post_date)='2010' AND MONTH(hb2010_posts.post_date)='2' AND DAYOFMONTH(hb2010_posts.post_date)='25' AND hb2010_posts.post_name = 'fuck-racist-yellow-fever-assholes' AND hb2010_posts.post_type = 'post'

2010-02-27 09:32:48 
search_everything plugin: 
global where:  AND hb2010_posts.post_type = 'post' AND (hb2010_posts.post_status = 'publish' OR hb2010_posts.post_status = 'private')

2010-02-27 09:33:52 
search_everything plugin: 
global where:  AND (hb2010_posts.ID = '0') AND hb2010_posts.post_type = 'page'

2010-02-27 09:33:56 
search_everything plugin: 
global where:  AND YEAR(hb2010_posts.post_date)='2010' AND MONTH(hb2010_posts.post_date)='1' AND DAYOFMONTH(hb2010_posts.post_date)='17' AND hb2010_posts.post_name = 'my-name-is-denise-and-im-addicted-to-the-acquisition-of-real-estate' AND hb2010_posts.post_type = 'post'

2010-02-27 09:33:57 
search_everything plugin: 
global where:  AND YEAR(hb2010_posts.post_date)='2010' AND MONTH(hb2010_posts.post_date)='1' AND DAYOFMONTH(hb2010_posts.post_date)='18' AND hb2010_posts.post_name = 'go-style-epicmust-see-asian-am-variety-show-in-the-bay' AND hb2010_posts.post_type = 'post'

2010-02-27 09:34:03 
search_everything plugin: 
global where:  AND hb2010_posts.post_type = 'post' AND (hb2010_posts.post_status = 'publish' OR hb2010_posts.post_status = 'private')

2010-02-27 09:34:26 
search_everything plugin: 
global where:  AND hb2010_posts.post_type = 'post' AND (hb2010_posts.post_status = 'publish')

2010-02-27 09:34:37 
search_everything plugin: 
global where:  AND hb2010_posts.post_type = 'post' AND (hb2010_posts.post_status = 'publish' OR hb2010_posts.post_status = 'private')

2010-02-27 09:34:53 
search_everything plugin: 
global where:  AND (hb2010_posts.ID = '0') AND hb2010_posts.post_type = 'page'

2010-02-27 09:34:54 
search_everything plugin: 
global where:  AND hb2010_posts.post_type = 'post' AND (hb2010_posts.post_status = 'publish' OR hb2010_posts.post_status = 'private')

2010-02-27 09:35:56 
search_everything plugin: 
global where:  AND hb2010_posts.post_type = 'post' AND (hb2010_posts.post_status = 'publish' OR hb2010_posts.post_status = 'private')

2010-02-27 09:37:45 
search_everything plugin: 
global where:  AND hb2010_posts.post_type = 'post' AND (hb2010_posts.post_status = 'publish' OR hb2010_posts.post_status = 'private')

2010-02-27 09:38:25 
search_everything plugin: 
global where:  AND hb2010_posts.post_type = 'post' AND (hb2010_posts.post_status = 'publish' OR hb2010_posts.post_status = 'private')

2010-02-27 09:40:05 
search_everything plugin: 
global where:  AND YEAR(hb2010_posts.post_date)='2010' AND MONTH(hb2010_posts.post_date)='2' AND DAYOFMONTH(hb2010_posts.post_date)='25' AND hb2010_posts.post_name = 'fuck-racist-yellow-fever-assholes' AND hb2010_posts.post_type = 'post'

2010-02-27 09:40:24 
search_everything plugin: 
global where:  AND YEAR(hb2010_posts.post_date)='2010' AND MONTH(hb2010_posts.post_date)='2' AND DAYOFMONTH(hb2010_posts.post_date)='19' AND hb2010_posts.post_name = 'help-me-save-giant-robot' AND hb2010_posts.post_type = 'post'

2010-02-27 09:40:30 
search_everything plugin: 
global where:  AND YEAR(hb2010_posts.post_date)='2010' AND MONTH(hb2010_posts.post_date)='2' AND DAYOFMONTH(hb2010_posts.post_date)='25' AND hb2010_posts.post_name = 'fuck-racist-yellow-fever-assholes' AND hb2010_posts.post_type = 'post'

2010-02-27 09:44:08 
search_everything plugin: 
global where:  AND YEAR(hb2010_posts.post_date)='2010' AND MONTH(hb2010_posts.post_date)='2' AND DAYOFMONTH(hb2010_posts.post_date)='19' AND hb2010_posts.post_name = 'help-me-save-giant-robot' AND hb2010_posts.post_type = 'post'

2010-02-27 09:44:11 
search_everything plugin: 
global where:  AND YEAR(hb2010_posts.post_date)='2010' AND MONTH(hb2010_posts.post_date)='2' AND DAYOFMONTH(hb2010_posts.post_date)='25' AND hb2010_posts.post_name = 'fuck-racist-yellow-fever-assholes' AND hb2010_posts.post_type = 'post'

2010-02-27 09:44:24 
search_everything plugin: 
global where:  AND YEAR(hb2010_posts.post_date)='2010' AND MONTH(hb2010_posts.post_date)='2' AND DAYOFMONTH(hb2010_posts.post_date)='19' AND hb2010_posts.post_name = 'help-me-save-giant-robot' AND hb2010_posts.post_type = 'post'

2010-02-27 09:44:33 
search_everything plugin: 
global where:  AND YEAR(hb2010_posts.post_date)='2010' AND MONTH(hb2010_posts.post_date)='2' AND DAYOFMONTH(hb2010_posts.post_date)='25' AND hb2010_posts.post_name = 'fuck-racist-yellow-fever-assholes' AND hb2010_posts.post_type = 'post'

2010-02-27 09:45:03 
search_everything plugin: 
global where:  AND YEAR(hb2010_posts.post_date)='2010' AND MONTH(hb2010_posts.post_date)='2' AND DAYOFMONTH(hb2010_posts.post_date)='19' AND hb2010_posts.post_name = 'help-me-save-giant-robot' AND hb2010_posts.post_type = 'post'

2010-02-27 09:45:23 
search_everything plugin: 
global where:  AND YEAR(hb2010_posts.post_date)='2010' AND MONTH(hb2010_posts.post_date)='2' AND DAYOFMONTH(hb2010_posts.post_date)='25' AND hb2010_posts.post_name = 'fuck-racist-yellow-fever-assholes' AND hb2010_posts.post_type = 'post'

2010-02-27 09:46:48 
search_everything plugin: 
global where:  AND YEAR(hb2010_posts.post_date)='2010' AND MONTH(hb2010_posts.post_date)='2' AND DAYOFMONTH(hb2010_posts.post_date)='19' AND hb2010_posts.post_name = 'help-me-save-giant-robot' AND hb2010_posts.post_type = 'post'

2010-02-27 09:46:52 
search_everything plugin: 
global where:  AND YEAR(hb2010_posts.post_date)='2010' AND MONTH(hb2010_posts.post_date)='2' AND DAYOFMONTH(hb2010_posts.post_date)='25' AND hb2010_posts.post_name = 'fuck-racist-yellow-fever-assholes' AND hb2010_posts.post_type = 'post'

2010-02-27 09:47:29 
search_everything plugin: 
global where:  AND YEAR(hb2010_posts.post_date)='2010' AND MONTH(hb2010_posts.post_date)='2' AND DAYOFMONTH(hb2010_posts.post_date)='19' AND hb2010_posts.post_name = 'help-me-save-giant-robot' AND hb2010_posts.post_type = 'post'

2010-02-27 09:47:37 
search_everything plugin: 
global where:  AND YEAR(hb2010_posts.post_date)='2010' AND MONTH(hb2010_posts.post_date)='2' AND DAYOFMONTH(hb2010_posts.post_date)='25' AND hb2010_posts.post_name = 'fuck-racist-yellow-fever-assholes' AND hb2010_posts.post_type = 'post'

2010-02-27 09:47:38 
search_everything plugin: 
global where:  AND YEAR(hb2010_posts.post_date)='2010' AND MONTH(hb2010_posts.post_date)='2' AND DAYOFMONTH(hb2010_posts.post_date)='19' AND hb2010_posts.post_name = 'help-me-save-giant-robot' AND hb2010_posts.post_type = 'post'

2010-02-27 09:47:46 
search_everything plugin: 
global where:  AND YEAR(hb2010_posts.post_date)='2010' AND MONTH(hb2010_posts.post_date)='2' AND DAYOFMONTH(hb2010_posts.post_date)='25' AND hb2010_posts.post_name = 'fuck-racist-yellow-fever-assholes' AND hb2010_posts.post_type = 'post'

2010-02-27 09:48:08 
search_everything plugin: 
global where:  AND YEAR(hb2010_posts.post_date)='2010' AND MONTH(hb2010_posts.post_date)='2' AND DAYOFMONTH(hb2010_posts.post_date)='19' AND hb2010_posts.post_name = 'help-me-save-giant-robot' AND hb2010_posts.post_type = 'post'

2010-02-27 09:48:20 
search_everything plugin: 
global where:  AND YEAR(hb2010_posts.post_date)='2010' AND MONTH(hb2010_posts.post_date)='2' AND DAYOFMONTH(hb2010_posts.post_date)='25' AND hb2010_posts.post_name = 'fuck-racist-yellow-fever-assholes' AND hb2010_posts.post_type = 'post'

2010-02-27 09:49:39 
search_everything plugin: 
global where:  AND YEAR(hb2010_posts.post_date)='2010' AND MONTH(hb2010_posts.post_date)='2' AND DAYOFMONTH(hb2010_posts.post_date)='19' AND hb2010_posts.post_name = 'help-me-save-giant-robot' AND hb2010_posts.post_type = 'post'

2010-02-27 09:49:42 
search_everything plugin: 
global where:  AND YEAR(hb2010_posts.post_date)='2010' AND MONTH(hb2010_posts.post_date)='2' AND DAYOFMONTH(hb2010_posts.post_date)='25' AND hb2010_posts.post_name = 'fuck-racist-yellow-fever-assholes' AND hb2010_posts.post_type = 'post'

2010-02-27 09:50:09 
search_everything plugin: 
global where:  AND YEAR(hb2010_posts.post_date)='2010' AND MONTH(hb2010_posts.post_date)='2' AND DAYOFMONTH(hb2010_posts.post_date)='19' AND hb2010_posts.post_name = 'help-me-save-giant-robot' AND hb2010_posts.post_type = 'post'

2010-02-27 09:50:14 
search_everything plugin: 
global where:  AND YEAR(hb2010_posts.post_date)='2010' AND MONTH(hb2010_posts.post_date)='2' AND DAYOFMONTH(hb2010_posts.post_date)='25' AND hb2010_posts.post_name = 'fuck-racist-yellow-fever-assholes' AND hb2010_posts.post_type = 'post'

2010-02-27 09:51:12 
search_everything plugin: 
global where:  AND YEAR(hb2010_posts.post_date)='2010' AND MONTH(hb2010_posts.post_date)='2' AND DAYOFMONTH(hb2010_posts.post_date)='19' AND hb2010_posts.post_name = 'help-me-save-giant-robot' AND hb2010_posts.post_type = 'post'

2010-02-27 09:51:15 
search_everything plugin: 
global where:  AND YEAR(hb2010_posts.post_date)='2010' AND MONTH(hb2010_posts.post_date)='2' AND DAYOFMONTH(hb2010_posts.post_date)='25' AND hb2010_posts.post_name = 'fuck-racist-yellow-fever-assholes' AND hb2010_posts.post_type = 'post'

2010-02-27 09:51:27 
search_everything plugin: 
global where:  AND YEAR(hb2010_posts.post_date)='2010' AND MONTH(hb2010_posts.post_date)='2' AND DAYOFMONTH(hb2010_posts.post_date)='19' AND hb2010_posts.post_name = 'help-me-save-giant-robot' AND hb2010_posts.post_type = 'post'

2010-02-27 09:51:31 
search_everything plugin: 
global where:  AND YEAR(hb2010_posts.post_date)='2010' AND MONTH(hb2010_posts.post_date)='2' AND DAYOFMONTH(hb2010_posts.post_date)='25' AND hb2010_posts.post_name = 'fuck-racist-yellow-fever-assholes' AND hb2010_posts.post_type = 'post'

2010-02-27 09:51:48 
search_everything plugin: 
global where:  AND YEAR(hb2010_posts.post_date)='2010' AND MONTH(hb2010_posts.post_date)='2' AND DAYOFMONTH(hb2010_posts.post_date)='19' AND hb2010_posts.post_name = 'help-me-save-giant-robot' AND hb2010_posts.post_type = 'post'

2010-02-27 09:51:55 
search_everything plugin: 
global where:  AND YEAR(hb2010_posts.post_date)='2010' AND MONTH(hb2010_posts.post_date)='2' AND DAYOFMONTH(hb2010_posts.post_date)='25' AND hb2010_posts.post_name = 'fuck-racist-yellow-fever-assholes' AND hb2010_posts.post_type = 'post'

2010-02-27 09:52:23 
search_everything plugin: 
global where:  AND YEAR(hb2010_posts.post_date)='2010' AND MONTH(hb2010_posts.post_date)='2' AND DAYOFMONTH(hb2010_posts.post_date)='19' AND hb2010_posts.post_name = 'help-me-save-giant-robot' AND hb2010_posts.post_type = 'post'

2010-02-27 09:52:25 
search_everything plugin: 
global where:  AND YEAR(hb2010_posts.post_date)='2010' AND MONTH(hb2010_posts.post_date)='2' AND DAYOFMONTH(hb2010_posts.post_date)='19' AND hb2010_posts.post_name = 'help-me-save-giant-robot' AND hb2010_posts.post_type = 'post'

2010-02-27 09:52:52 
search_everything plugin: 
global where:  AND YEAR(hb2010_posts.post_date)='2010' AND MONTH(hb2010_posts.post_date)='2' AND DAYOFMONTH(hb2010_posts.post_date)='19' AND hb2010_posts.post_name = 'help-me-save-giant-robot' AND hb2010_posts.post_type = 'post'

2010-02-27 09:52:55 
search_everything plugin: 
global where:  AND YEAR(hb2010_posts.post_date)='2010' AND MONTH(hb2010_posts.post_date)='2' AND DAYOFMONTH(hb2010_posts.post_date)='25' AND hb2010_posts.post_name = 'fuck-racist-yellow-fever-assholes' AND hb2010_posts.post_type = 'post'

2010-02-27 09:54:04 
search_everything plugin: 
global where:  AND YEAR(hb2010_posts.post_date)='2010' AND MONTH(hb2010_posts.post_date)='2' AND DAYOFMONTH(hb2010_posts.post_date)='19' AND hb2010_posts.post_name = 'help-me-save-giant-robot' AND hb2010_posts.post_type = 'post'

2010-02-27 09:54:08 
search_everything plugin: 
global where:  AND YEAR(hb2010_posts.post_date)='2010' AND MONTH(hb2010_posts.post_date)='2' AND DAYOFMONTH(hb2010_posts.post_date)='25' AND hb2010_posts.post_name = 'fuck-racist-yellow-fever-assholes' AND hb2010_posts.post_type = 'post'

2010-02-27 09:54:40 
search_everything plugin: 
global where:  AND YEAR(hb2010_posts.post_date)='2010' AND MONTH(hb2010_posts.post_date)='2' AND DAYOFMONTH(hb2010_posts.post_date)='19' AND hb2010_posts.post_name = 'help-me-save-giant-robot' AND hb2010_posts.post_type = 'post'

2010-02-27 09:54:43 
search_everything plugin: 
global where:  AND YEAR(hb2010_posts.post_date)='2010' AND MONTH(hb2010_posts.post_date)='2' AND DAYOFMONTH(hb2010_posts.post_date)='25' AND hb2010_posts.post_name = 'fuck-racist-yellow-fever-assholes' AND hb2010_posts.post_type = 'post'

2010-02-27 09:57:54 
search_everything plugin: 
global where:  AND YEAR(hb2010_posts.post_date)='2010' AND MONTH(hb2010_posts.post_date)='2' AND DAYOFMONTH(hb2010_posts.post_date)='19' AND hb2010_posts.post_name = 'help-me-save-giant-robot' AND hb2010_posts.post_type = 'post'

2010-02-27 09:58:05 
search_everything plugin: 
global where:  AND YEAR(hb2010_posts.post_date)='2010' AND MONTH(hb2010_posts.post_date)='2' AND DAYOFMONTH(hb2010_posts.post_date)='25' AND hb2010_posts.post_name = 'fuck-racist-yellow-fever-assholes' AND hb2010_posts.post_type = 'post'

2010-02-27 09:58:48 
search_everything plugin: 
global where:  AND YEAR(hb2010_posts.post_date)='2010' AND MONTH(hb2010_posts.post_date)='2' AND DAYOFMONTH(hb2010_posts.post_date)='19' AND hb2010_posts.post_name = 'help-me-save-giant-robot' AND hb2010_posts.post_type = 'post'

2010-02-27 09:58:51 
search_everything plugin: 
global where:  AND YEAR(hb2010_posts.post_date)='2010' AND MONTH(hb2010_posts.post_date)='2' AND DAYOFMONTH(hb2010_posts.post_date)='25' AND hb2010_posts.post_name = 'fuck-racist-yellow-fever-assholes' AND hb2010_posts.post_type = 'post'

2010-02-27 10:00:42 
search_everything plugin: 
global where:  AND YEAR(hb2010_posts.post_date)='2010' AND MONTH(hb2010_posts.post_date)='2' AND DAYOFMONTH(hb2010_posts.post_date)='19' AND hb2010_posts.post_name = 'help-me-save-giant-robot' AND hb2010_posts.post_type = 'post'

2010-02-27 10:00:45 
search_everything plugin: 
global where:  AND YEAR(hb2010_posts.post_date)='2010' AND MONTH(hb2010_posts.post_date)='2' AND DAYOFMONTH(hb2010_posts.post_date)='25' AND hb2010_posts.post_name = 'fuck-racist-yellow-fever-assholes' AND hb2010_posts.post_type = 'post'

2010-02-27 10:01:15 
search_everything plugin: 
global where:  AND YEAR(hb2010_posts.post_date)='2010' AND MONTH(hb2010_posts.post_date)='2' AND DAYOFMONTH(hb2010_posts.post_date)='19' AND hb2010_posts.post_name = 'help-me-save-giant-robot' AND hb2010_posts.post_type = 'post'

2010-02-27 10:01:18 
search_everything plugin: 
global where:  AND YEAR(hb2010_posts.post_date)='2010' AND MONTH(hb2010_posts.post_date)='2' AND DAYOFMONTH(hb2010_posts.post_date)='25' AND hb2010_posts.post_name = 'fuck-racist-yellow-fever-assholes' AND hb2010_posts.post_type = 'post'

2010-02-27 10:01:47 
search_everything plugin: 
global where:  AND YEAR(hb2010_posts.post_date)='2010' AND MONTH(hb2010_posts.post_date)='2' AND DAYOFMONTH(hb2010_posts.post_date)='19' AND hb2010_posts.post_name = 'help-me-save-giant-robot' AND hb2010_posts.post_type = 'post'

2010-02-27 10:01:50 
search_everything plugin: 
global where:  AND YEAR(hb2010_posts.post_date)='2010' AND MONTH(hb2010_posts.post_date)='2' AND DAYOFMONTH(hb2010_posts.post_date)='25' AND hb2010_posts.post_name = 'fuck-racist-yellow-fever-assholes' AND hb2010_posts.post_type = 'post'

2010-02-27 10:02:48 
search_everything plugin: 
global where:  AND YEAR(hb2010_posts.post_date)='2010' AND MONTH(hb2010_posts.post_date)='2' AND DAYOFMONTH(hb2010_posts.post_date)='19' AND hb2010_posts.post_name = 'help-me-save-giant-robot' AND hb2010_posts.post_type = 'post'

2010-02-27 10:02:52 
search_everything plugin: 
global where:  AND YEAR(hb2010_posts.post_date)='2010' AND MONTH(hb2010_posts.post_date)='2' AND DAYOFMONTH(hb2010_posts.post_date)='25' AND hb2010_posts.post_name = 'fuck-racist-yellow-fever-assholes' AND hb2010_posts.post_type = 'post'

2010-02-27 10:02:52 
search_everything plugin: 
global where:  AND YEAR(hb2010_posts.post_date)='2010' AND MONTH(hb2010_posts.post_date)='2' AND DAYOFMONTH(hb2010_posts.post_date)='19' AND hb2010_posts.post_name = 'help-me-save-giant-robot' AND hb2010_posts.post_type = 'post'

2010-02-27 10:02:58 
search_everything plugin: 
global where:  AND YEAR(hb2010_posts.post_date)='2010' AND MONTH(hb2010_posts.post_date)='2' AND DAYOFMONTH(hb2010_posts.post_date)='25' AND hb2010_posts.post_name = 'fuck-racist-yellow-fever-assholes' AND hb2010_posts.post_type = 'post'

2010-02-27 10:03:28 
search_everything plugin: 
global where:  AND YEAR(hb2010_posts.post_date)='2010' AND MONTH(hb2010_posts.post_date)='2' AND DAYOFMONTH(hb2010_posts.post_date)='19' AND hb2010_posts.post_name = 'help-me-save-giant-robot' AND hb2010_posts.post_type = 'post'

2010-02-27 10:03:31 
search_everything plugin: 
global where:  AND YEAR(hb2010_posts.post_date)='2010' AND MONTH(hb2010_posts.post_date)='2' AND DAYOFMONTH(hb2010_posts.post_date)='25' AND hb2010_posts.post_name = 'fuck-racist-yellow-fever-assholes' AND hb2010_posts.post_type = 'post'

2010-02-27 10:05:30 
search_everything plugin: 
global where:  AND YEAR(hb2010_posts.post_date)='2010' AND MONTH(hb2010_posts.post_date)='2' AND DAYOFMONTH(hb2010_posts.post_date)='19' AND hb2010_posts.post_name = 'help-me-save-giant-robot' AND hb2010_posts.post_type = 'post'

2010-02-27 10:05:33 
search_everything plugin: 
global where:  AND YEAR(hb2010_posts.post_date)='2010' AND MONTH(hb2010_posts.post_date)='2' AND DAYOFMONTH(hb2010_posts.post_date)='25' AND hb2010_posts.post_name = 'fuck-racist-yellow-fever-assholes' AND hb2010_posts.post_type = 'post'

2010-02-27 10:06:14 
search_everything plugin: 
global where:  AND YEAR(hb2010_posts.post_date)='2010' AND MONTH(hb2010_posts.post_date)='2' AND DAYOFMONTH(hb2010_posts.post_date)='19' AND hb2010_posts.post_name = 'help-me-save-giant-robot' AND hb2010_posts.post_type = 'post'

2010-02-27 10:06:22 
search_everything plugin: 
global where:  AND YEAR(hb2010_posts.post_date)='2010' AND MONTH(hb2010_posts.post_date)='2' AND DAYOFMONTH(hb2010_posts.post_date)='25' AND hb2010_posts.post_name = 'fuck-racist-yellow-fever-assholes' AND hb2010_posts.post_type = 'post'

2010-02-27 10:56:36 
search_everything plugin: 
global where:  AND hb2010_posts.post_type = 'post' AND (hb2010_posts.post_status = 'publish')

2010-02-27 10:57:58 
search_everything plugin: 
global where:  AND hb2010_posts.post_type = 'post' AND (hb2010_posts.post_status = 'publish' OR hb2010_posts.post_status = 'private')

2010-02-27 10:59:03 
search_everything plugin: 
global where:  AND (hb2010_posts.ID = '609') AND hb2010_posts.post_type = 'page'

2010-02-27 11:00:09 
search_everything plugin: 
global where:  AND (hb2010_posts.ID = '609') AND hb2010_posts.post_type = 'page'

2010-02-27 11:00:19 
search_everything plugin: 
global where:  AND hb2010_posts.post_type = 'post' AND (hb2010_posts.post_status = 'publish' OR hb2010_posts.post_status = 'private')

2010-02-27 11:00:51 
search_everything plugin: 
global where:  AND (hb2010_posts.ID = '609') AND hb2010_posts.post_type = 'page'

2010-02-27 11:06:09 
search_everything plugin: 
global where:  AND YEAR(hb2010_posts.post_date)='2010' AND MONTH(hb2010_posts.post_date)='2' AND DAYOFMONTH(hb2010_posts.post_date)='25' AND hb2010_posts.post_name = 'fuck-racist-yellow-fever-assholes' AND hb2010_posts.post_type = 'post'

2010-02-27 11:06:20 
search_everything plugin: 
global where:  AND YEAR(hb2010_posts.post_date)='2010' AND MONTH(hb2010_posts.post_date)='2' AND DAYOFMONTH(hb2010_posts.post_date)='19' AND hb2010_posts.post_name = 'help-me-save-giant-robot' AND hb2010_posts.post_type = 'post'

2010-02-27 11:06:50 
search_everything plugin: 
global where:  AND (hb2010_posts.ID = '0') AND hb2010_posts.post_type = 'page'

2010-02-27 11:06:57 
search_everything plugin: 
global where:  AND (hb2010_posts.ID = '0') AND hb2010_posts.post_type = 'page'

2010-02-27 11:08:39 
search_everything plugin: 
global where:  AND (hb2010_posts.ID = '609') AND hb2010_posts.post_type = 'page'

2010-02-27 11:08:46 
search_everything plugin: 
global where:  AND (hb2010_posts.ID = '609') AND hb2010_posts.post_type = 'page'

2010-02-27 11:10:33 
search_everything plugin: 
global where:  AND (hb2010_posts.ID = '609') AND hb2010_posts.post_type = 'page'

2010-02-27 11:29:16 
search_everything plugin: 
global where:  AND (hb2010_posts.ID = '609') AND hb2010_posts.post_type = 'page'

2010-02-27 11:30:48 
search_everything plugin: 
global where:  AND (hb2010_posts.ID = '635') AND hb2010_posts.post_type = 'page'

2010-02-27 11:31:23 
search_everything plugin: 
global where:  AND (hb2010_posts.ID = '609') AND hb2010_posts.post_type = 'page'

2010-02-27 11:31:33 
search_everything plugin: 
global where:  AND (hb2010_posts.ID = '609') AND hb2010_posts.post_type = 'page'

2010-02-27 11:31:41 
search_everything plugin: 
global where:  AND (hb2010_posts.ID = '635') AND hb2010_posts.post_type = 'page'

2010-02-27 11:32:27 
search_everything plugin: 
global where:  AND (hb2010_posts.ID = '609') AND hb2010_posts.post_type = 'page'

2010-02-27 11:32:42 
search_everything plugin: 
global where:  AND (hb2010_posts.ID = '609') AND hb2010_posts.post_type = 'page'

2010-02-27 11:34:05 
search_everything plugin: 
global where:  AND (hb2010_posts.ID = '609') AND hb2010_posts.post_type = 'page'

2010-02-27 11:38:15 
search_everything plugin: 
global where:  AND (hb2010_posts.ID = '609') AND hb2010_posts.post_type = 'page'

2010-02-27 11:38:22 
search_everything plugin: 
global where:  AND (hb2010_posts.ID = '609') AND hb2010_posts.post_type = 'page'

2010-02-27 11:38:25 
search_everything plugin: 
global where:  AND (hb2010_posts.ID = '635') AND hb2010_posts.post_type = 'page'

2010-02-27 11:38:40 
search_everything plugin: 
global where:  AND (hb2010_posts.ID = '637') AND hb2010_posts.post_type = 'page'

2010-02-27 11:40:14 
search_everything plugin: 
global where:  AND (hb2010_posts.ID = '637') AND hb2010_posts.post_type = 'page'

2010-02-27 11:40:34 
search_everything plugin: 
global where:  AND (hb2010_posts.ID = '609') AND hb2010_posts.post_type = 'page'

2010-02-27 11:40:53 
search_everything plugin: 
global where:  AND (hb2010_posts.ID = '609') AND hb2010_posts.post_type = 'page'

2010-02-27 11:42:13 
search_everything plugin: 
global where:  AND (hb2010_posts.ID = '609') AND hb2010_posts.post_type = 'page'

2010-02-27 11:42:31 
search_everything plugin: 
global where:  AND hb2010_posts.post_type = 'post' AND (hb2010_posts.post_status = 'publish' OR hb2010_posts.post_status = 'private')

2010-02-27 11:42:36 
search_everything plugin: 
global where:  AND (hb2010_posts.ID = '609') AND hb2010_posts.post_type = 'page'

2010-02-27 11:43:10 
search_everything plugin: 
global where:  AND (hb2010_posts.ID = '609') AND hb2010_posts.post_type = 'page'

2010-02-27 11:43:13 
search_everything plugin: 
global where:  AND (hb2010_posts.ID = '609') AND hb2010_posts.post_type = 'page'

2010-02-27 11:43:13 
search_everything plugin: 
global where:  AND (hb2010_posts.ID = '609') AND hb2010_posts.post_type = 'page'

2010-02-27 11:43:47 
search_everything plugin: 
global where:  AND (hb2010_posts.ID = '609') AND hb2010_posts.post_type = 'page'

2010-02-27 11:43:47 
search_everything plugin: 
global where:  AND (hb2010_posts.ID = '609') AND hb2010_posts.post_type = 'page'

2010-02-27 11:43:47 
search_everything plugin: 
global where:  AND (hb2010_posts.ID = '609') AND hb2010_posts.post_type = 'page'

2010-02-27 11:43:48 
search_everything plugin: 
global where:  AND (hb2010_posts.ID = '609') AND hb2010_posts.post_type = 'page'

2010-02-27 11:43:48 
search_everything plugin: 
global where:  AND (hb2010_posts.ID = '609') AND hb2010_posts.post_type = 'page'

2010-02-27 11:43:49 
search_everything plugin: 
global where:  AND (hb2010_posts.ID = '609') AND hb2010_posts.post_type = 'page'

2010-02-27 11:43:49 
search_everything plugin: 
global where:  AND (hb2010_posts.ID = '609') AND hb2010_posts.post_type = 'page'

2010-02-27 11:43:52 
search_everything plugin: 
global where:  AND (hb2010_posts.ID = '609') AND hb2010_posts.post_type = 'page'

2010-02-27 11:44:44 
search_everything plugin: 
global where:  AND (hb2010_posts.ID = '609') AND hb2010_posts.post_type = 'page'

2010-02-27 11:45:01 
search_everything plugin: 
global where:  AND (hb2010_posts.ID = '609') AND hb2010_posts.post_type = 'page'

2010-02-27 11:45:04 
search_everything plugin: 
global where:  AND (hb2010_posts.ID = '604') AND hb2010_posts.post_type = 'page'

2010-02-27 11:45:12 
search_everything plugin: 
global where:  AND (hb2010_posts.ID = '606') AND hb2010_posts.post_type = 'page'

2010-02-27 11:45:16 
search_everything plugin: 
global where:  AND hb2010_posts.post_type = 'post' AND (hb2010_posts.post_status = 'publish' OR hb2010_posts.post_status = 'private')

2010-02-27 11:45:53 
search_everything plugin: 
global where:  AND YEAR(hb2010_posts.post_date)='2010' AND MONTH(hb2010_posts.post_date)='2' AND DAYOFMONTH(hb2010_posts.post_date)='19' AND hb2010_posts.post_name = 'help-me-save-giant-robot' AND hb2010_posts.post_type = 'post'

2010-02-27 11:48:11 
search_everything plugin: 
global where:  AND YEAR(hb2010_posts.post_date)='2010' AND MONTH(hb2010_posts.post_date)='2' AND DAYOFMONTH(hb2010_posts.post_date)='19' AND hb2010_posts.post_name = 'help-me-save-giant-robot' AND hb2010_posts.post_type = 'post'

2010-02-27 11:49:10 
search_everything plugin: 
global where:  AND YEAR(hb2010_posts.post_date)='2010' AND MONTH(hb2010_posts.post_date)='2' AND DAYOFMONTH(hb2010_posts.post_date)='19' AND hb2010_posts.post_name = 'help-me-save-giant-robot' AND hb2010_posts.post_type = 'post'

2010-02-27 11:49:17 
search_everything plugin: 
global where:  AND hb2010_posts.post_type = 'post' AND (hb2010_posts.post_status = 'publish' OR hb2010_posts.post_status = 'private')

2010-02-27 11:50:01 
search_everything plugin: 
global where:  AND hb2010_posts.post_type = 'post' AND (hb2010_posts.post_status = 'publish' OR hb2010_posts.post_status = 'private')

2010-02-27 11:50:49 
search_everything plugin: 
global where:  AND hb2010_posts.post_type = 'post' AND (hb2010_posts.post_status = 'publish' OR hb2010_posts.post_status = 'private')

2010-02-27 11:51:18 
search_everything plugin: 
global where:  AND hb2010_posts.post_type = 'post' AND (hb2010_posts.post_status = 'publish' OR hb2010_posts.post_status = 'private')

2010-02-27 11:54:40 
search_everything plugin: 
global where:  AND hb2010_posts.post_type = 'post' AND (hb2010_posts.post_status = 'publish' OR hb2010_posts.post_status = 'private')

2010-02-27 23:58:10 
search_everything plugin: 
global where:  AND hb2010_posts.post_type = 'post' AND (hb2010_posts.post_status = 'publish')

2010-02-28 00:17:02 
search_everything plugin: 
global where:  AND (hb2010_posts.ID = '0') AND hb2010_posts.post_type = 'page'